<?xml version="1.0" encoding="UTF-8"?>
<coverage generated="1773751048082" clover="3.2.0">
  <project timestamp="1773751048083" name="All files">
    <metrics statements="44" coveredstatements="30" conditionals="57" coveredconditionals="33" methods="3" coveredmethods="3" elements="104" coveredelements="66" complexity="0" loc="44" ncloc="44" packages="1" files="3" classes="3"/>
    <file name="password.ts" path="C:\Users\Admin\Downloads\TP_DEV\individual-lucas-Dsk\server\src\utils\password.ts">
      <metrics statements="16" coveredstatements="2" conditionals="25" coveredconditionals="1" methods="1" coveredmethods="1"/>
      <line num="1" count="1" type="stmt"/>
      <line num="2" count="1" type="cond" truecount="1" falsecount="1"/>
      <line num="3" count="0" type="cond" truecount="0" falsecount="2"/>
      <line num="4" count="0" type="cond" truecount="0" falsecount="2"/>
      <line num="6" count="0" type="stmt"/>
      <line num="7" count="0" type="stmt"/>
      <line num="8" count="0" type="stmt"/>
      <line num="9" count="0" type="stmt"/>
      <line num="11" count="0" type="cond" truecount="0" falsecount="2"/>
      <line num="13" count="0" type="cond" truecount="0" falsecount="2"/>
      <line num="14" count="0" type="stmt"/>
      <line num="15" count="0" type="cond" truecount="0" falsecount="4"/>
      <line num="17" count="0" type="cond" truecount="0" falsecount="5"/>
      <line num="18" count="0" type="cond" truecount="0" falsecount="2"/>
      <line num="21" count="0" type="cond" truecount="0" falsecount="4"/>
      <line num="24" count="0" type="stmt"/>
    </file>
    <file name="shipping.ts" path="C:\Users\Admin\Downloads\TP_DEV\individual-lucas-Dsk\server\src\utils\shipping.ts">
      <metrics statements="16" coveredstatements="16" conditionals="14" coveredconditionals="14" methods="1" coveredmethods="1"/>
      <line num="44" count="1" type="stmt"/>
      <line num="50" count="19" type="cond" truecount="2" falsecount="0"/>
      <line num="51" count="1" type="stmt"/>
      <line num="54" count="18" type="cond" truecount="4" falsecount="0"/>
      <line num="55" count="3" type="stmt"/>
      <line num="59" count="15" type="stmt"/>
      <line num="61" count="15" type="cond" truecount="2" falsecount="0"/>
      <line num="62" count="7" type="stmt"/>
      <line num="63" count="8" type="cond" truecount="2" falsecount="0"/>
      <line num="64" count="5" type="stmt"/>
      <line num="66" count="3" type="stmt"/>
      <line num="70" count="15" type="cond" truecount="2" falsecount="0"/>
      <line num="71" count="5" type="stmt"/>
      <line num="75" count="15" type="cond" truecount="2" falsecount="0"/>
      <line num="76" count="4" type="stmt"/>
      <line num="79" count="15" type="stmt"/>
    </file>
    <file name="userValidator.ts" path="C:\Users\Admin\Downloads\TP_DEV\individual-lucas-Dsk\server\src\utils\userValidator.ts">
      <metrics statements="12" coveredstatements="12" conditionals="18" coveredconditionals="18" methods="1" coveredmethods="1"/>
      <line num="1" count="1" type="stmt"/>
      <line num="3" count="9" type="cond" truecount="5" falsecount="0"/>
      <line num="4" count="1" type="stmt"/>
      <line num="7" count="8" type="cond" truecount="2" falsecount="0"/>
      <line num="8" count="1" type="stmt"/>
      <line num="11" count="7" type="cond" truecount="2" falsecount="0"/>
      <line num="12" count="1" type="stmt"/>
      <line num="15" count="6" type="cond" truecount="4" falsecount="0"/>
      <line num="16" count="1" type="stmt"/>
      <line num="19" count="5" type="cond" truecount="5" falsecount="0"/>
      <line num="20" count="3" type="stmt"/>
      <line num="23" count="2" type="stmt"/>
    </file>
  </project>
</coverage>
