TN:
SF:src\utils\password.ts
FN:1,(anonymous_0)
FNF:1
FNH:1
FNDA:1,(anonymous_0)
DA:1,1
DA:2,1
DA:3,0
DA:4,0
DA:6,0
DA:7,0
DA:8,0
DA:9,0
DA:11,0
DA:13,0
DA:14,0
DA:15,0
DA:17,0
DA:18,0
DA:21,0
DA:24,0
LF:16
LH:2
BRDA:2,0,0,1
BRDA:2,0,1,0
BRDA:3,1,0,0
BRDA:3,1,1,0
BRDA:4,2,0,0
BRDA:4,2,1,0
BRDA:11,3,0,0
BRDA:11,3,1,0
BRDA:13,4,0,0
BRDA:13,4,1,0
BRDA:15,5,0,0
BRDA:15,5,1,0
BRDA:15,6,0,0
BRDA:15,6,1,0
BRDA:17,7,0,0
BRDA:17,7,1,0
BRDA:17,8,0,0
BRDA:17,8,1,0
BRDA:17,8,2,0
BRDA:18,9,0,0
BRDA:18,9,1,0
BRDA:21,10,0,0
BRDA:21,10,1,0
BRDA:21,11,0,0
BRDA:21,11,1,0
BRF:25
BRH:1
end_of_record
TN:
SF:src\utils\shipping.ts
FN:44,calculateShipping
FNF:1
FNH:1
FNDA:19,calculateShipping
DA:44,1
DA:50,19
DA:51,1
DA:54,18
DA:55,3
DA:59,15
DA:61,15
DA:62,7
DA:63,8
DA:64,5
DA:66,3
DA:70,15
DA:71,5
DA:75,15
DA:76,4
DA:79,15
LF:16
LH:16
BRDA:50,0,0,1
BRDA:50,0,1,18
BRDA:54,1,0,3
BRDA:54,1,1,15
BRDA:54,2,0,18
BRDA:54,2,1,16
BRDA:61,3,0,7
BRDA:61,3,1,8
BRDA:63,4,0,5
BRDA:63,4,1,3
BRDA:70,5,0,5
BRDA:70,5,1,10
BRDA:75,6,0,4
BRDA:75,6,1,11
BRF:14
BRH:14
end_of_record
TN:
SF:src\utils\userValidator.ts
FN:1,validateUserRegistration
FNF:1
FNH:1
FNDA:9,validateUserRegistration
DA:1,1
DA:3,9
DA:4,1
DA:7,8
DA:8,1
DA:11,7
DA:12,1
DA:15,6
DA:16,1
DA:19,5
DA:20,3
DA:23,2
LF:12
LH:12
BRDA:3,0,0,1
BRDA:3,0,1,8
BRDA:3,1,0,9
BRDA:3,1,1,8
BRDA:3,1,2,2
BRDA:7,2,0,1
BRDA:7,2,1,7
BRDA:11,3,0,1
BRDA:11,3,1,6
BRDA:15,4,0,1
BRDA:15,4,1,5
BRDA:15,5,0,6
BRDA:15,5,1,2
BRDA:19,6,0,3
BRDA:19,6,1,2
BRDA:19,7,0,5
BRDA:19,7,1,4
BRDA:19,7,2,3
BRF:18
BRH:18
end_of_record
